1738114156.048428 client started (9169): version 3.4, socket /tmp/tmux-1000/default, protocol 8
1738114156.048463 on Linux 6.8.0-52-generic #53-Ubuntu SMP PREEMPT_DYNAMIC Sat Jan 11 00:06:25 UTC 2025
1738114156.048469 using libevent 2.1.12-stable poll
1738114156.048473 using ncurses 6.4 20240113
1738114156.048497 flags are 0x18010000
1738114156.048517 socket is /tmp/tmux-1000/default
1738114156.048534 trying connect
1738114156.048563 connect failed: No such file or directory
1738114156.048580 lock file is /tmp/tmux-1000/default.lock
1738114156.048603 flock succeeded
1738114156.048606 got lock (6)
1738114156.048613 trying connect
1738114156.048624 connect failed: No such file or directory
1738114156.049194 add peer 0x570920a75060: 7 ((nil))
1738114156.049764 sending message 100 to peer 0x570920a75060 (4 bytes)
1738114156.049771 sending message 111 to peer 0x570920a75060 (8 bytes)
1738114156.049777 sending message 101 to peer 0x570920a75060 (15 bytes)
1738114156.049781 sending message 109 to peer 0x570920a75060 (4 bytes)
1738114156.049784 sending message 102 to peer 0x570920a75060 (11 bytes)
1738114156.049788 sending message 108 to peer 0x570920a75060 (25 bytes)
1738114156.049792 sending message 112 to peer 0x570920a75060 (58 bytes)
1738114156.049795 sending message 112 to peer 0x570920a75060 (5 bytes)
1738114156.049799 sending message 112 to peer 0x570920a75060 (5 bytes)
1738114156.049802 sending message 112 to peer 0x570920a75060 (6 bytes)
1738114156.049805 sending message 112 to peer 0x570920a75060 (6 bytes)
1738114156.049808 sending message 112 to peer 0x570920a75060 (11 bytes)
1738114156.049811 sending message 112 to peer 0x570920a75060 (10 bytes)
1738114156.049814 sending message 112 to peer 0x570920a75060 (13 bytes)
1738114156.049817 sending message 112 to peer 0x570920a75060 (14 bytes)
1738114156.049820 sending message 112 to peer 0x570920a75060 (19 bytes)
1738114156.049823 sending message 112 to peer 0x570920a75060 (11 bytes)
1738114156.049826 sending message 112 to peer 0x570920a75060 (10 bytes)
1738114156.049829 sending message 112 to peer 0x570920a75060 (15 bytes)
1738114156.049832 sending message 112 to peer 0x570920a75060 (21 bytes)
1738114156.049835 sending message 112 to peer 0x570920a75060 (13 bytes)
1738114156.049838 sending message 112 to peer 0x570920a75060 (7 bytes)
1738114156.049841 sending message 112 to peer 0x570920a75060 (13 bytes)
1738114156.049844 sending message 112 to peer 0x570920a75060 (7 bytes)
1738114156.049847 sending message 112 to peer 0x570920a75060 (13 bytes)
1738114156.049850 sending message 112 to peer 0x570920a75060 (9 bytes)
1738114156.049854 sending message 112 to peer 0x570920a75060 (21 bytes)
1738114156.049857 sending message 112 to peer 0x570920a75060 (13 bytes)
1738114156.049860 sending message 112 to peer 0x570920a75060 (9 bytes)
1738114156.049863 sending message 112 to peer 0x570920a75060 (16 bytes)
1738114156.049866 sending message 112 to peer 0x570920a75060 (13 bytes)
1738114156.049869 sending message 112 to peer 0x570920a75060 (9 bytes)
1738114156.049872 sending message 112 to peer 0x570920a75060 (9 bytes)
1738114156.049875 sending message 112 to peer 0x570920a75060 (12 bytes)
1738114156.049879 sending message 112 to peer 0x570920a75060 (8 bytes)
1738114156.049882 sending message 112 to peer 0x570920a75060 (8 bytes)
1738114156.049884 sending message 112 to peer 0x570920a75060 (13 bytes)
1738114156.049887 sending message 112 to peer 0x570920a75060 (7 bytes)
1738114156.049890 sending message 112 to peer 0x570920a75060 (7 bytes)
1738114156.049894 sending message 112 to peer 0x570920a75060 (9 bytes)
1738114156.049896 sending message 112 to peer 0x570920a75060 (9 bytes)
1738114156.049899 sending message 112 to peer 0x570920a75060 (15 bytes)
1738114156.049902 sending message 112 to peer 0x570920a75060 (13 bytes)
1738114156.049905 sending message 112 to peer 0x570920a75060 (12 bytes)
1738114156.049908 sending message 112 to peer 0x570920a75060 (8 bytes)
1738114156.049912 sending message 112 to peer 0x570920a75060 (14 bytes)
1738114156.049915 sending message 112 to peer 0x570920a75060 (11 bytes)
1738114156.049947 sending message 112 to peer 0x570920a75060 (9 bytes)
1738114156.049951 sending message 112 to peer 0x570920a75060 (10 bytes)
1738114156.049955 sending message 112 to peer 0x570920a75060 (10 bytes)
1738114156.049958 sending message 112 to peer 0x570920a75060 (10 bytes)
1738114156.049960 sending message 112 to peer 0x570920a75060 (10 bytes)
1738114156.049975 sending message 112 to peer 0x570920a75060 (11 bytes)
1738114156.049980 sending message 112 to peer 0x570920a75060 (12 bytes)
1738114156.049983 sending message 112 to peer 0x570920a75060 (12 bytes)
1738114156.049986 sending message 112 to peer 0x570920a75060 (12 bytes)
1738114156.049989 sending message 112 to peer 0x570920a75060 (12 bytes)
1738114156.049992 sending message 112 to peer 0x570920a75060 (12 bytes)
1738114156.049995 sending message 112 to peer 0x570920a75060 (11 bytes)
1738114156.049998 sending message 112 to peer 0x570920a75060 (11 bytes)
1738114156.050001 sending message 112 to peer 0x570920a75060 (12 bytes)
1738114156.050004 sending message 112 to peer 0x570920a75060 (12 bytes)
1738114156.050007 sending message 112 to peer 0x570920a75060 (12 bytes)
1738114156.050009 sending message 112 to peer 0x570920a75060 (12 bytes)
1738114156.050012 sending message 112 to peer 0x570920a75060 (12 bytes)
1738114156.050015 sending message 112 to peer 0x570920a75060 (9 bytes)
1738114156.050018 sending message 112 to peer 0x570920a75060 (12 bytes)
1738114156.050021 sending message 112 to peer 0x570920a75060 (13 bytes)
1738114156.050024 sending message 112 to peer 0x570920a75060 (13 bytes)
1738114156.050027 sending message 112 to peer 0x570920a75060 (13 bytes)
1738114156.050030 sending message 112 to peer 0x570920a75060 (13 bytes)
1738114156.050033 sending message 112 to peer 0x570920a75060 (13 bytes)
1738114156.050036 sending message 112 to peer 0x570920a75060 (8 bytes)
1738114156.050039 sending message 112 to peer 0x570920a75060 (11 bytes)
1738114156.050042 sending message 112 to peer 0x570920a75060 (11 bytes)
1738114156.050046 sending message 112 to peer 0x570920a75060 (11 bytes)
1738114156.050048 sending message 112 to peer 0x570920a75060 (12 bytes)
1738114156.050051 sending message 112 to peer 0x570920a75060 (12 bytes)
1738114156.050054 sending message 112 to peer 0x570920a75060 (12 bytes)
1738114156.050057 sending message 112 to peer 0x570920a75060 (12 bytes)
1738114156.050060 sending message 112 to peer 0x570920a75060 (13 bytes)
1738114156.050063 sending message 112 to peer 0x570920a75060 (13 bytes)
1738114156.050066 sending message 112 to peer 0x570920a75060 (13 bytes)
1738114156.050069 sending message 112 to peer 0x570920a75060 (8 bytes)
1738114156.050072 sending message 112 to peer 0x570920a75060 (13 bytes)
1738114156.050075 sending message 112 to peer 0x570920a75060 (13 bytes)
1738114156.050078 sending message 112 to peer 0x570920a75060 (13 bytes)
1738114156.050080 sending message 112 to peer 0x570920a75060 (13 bytes)
1738114156.050083 sending message 112 to peer 0x570920a75060 (13 bytes)
1738114156.050086 sending message 112 to peer 0x570920a75060 (12 bytes)
1738114156.050089 sending message 112 to peer 0x570920a75060 (12 bytes)
1738114156.050092 sending message 112 to peer 0x570920a75060 (12 bytes)
1738114156.050095 sending message 112 to peer 0x570920a75060 (12 bytes)
1738114156.050098 sending message 112 to peer 0x570920a75060 (13 bytes)
1738114156.050101 sending message 112 to peer 0x570920a75060 (8 bytes)
1738114156.050104 sending message 112 to peer 0x570920a75060 (13 bytes)
1738114156.050107 sending message 112 to peer 0x570920a75060 (13 bytes)
1738114156.050110 sending message 112 to peer 0x570920a75060 (13 bytes)
1738114156.050112 sending message 112 to peer 0x570920a75060 (13 bytes)
1738114156.050115 sending message 112 to peer 0x570920a75060 (13 bytes)
1738114156.050118 sending message 112 to peer 0x570920a75060 (13 bytes)
1738114156.050121 sending message 112 to peer 0x570920a75060 (13 bytes)
1738114156.050124 sending message 112 to peer 0x570920a75060 (12 bytes)
1738114156.050127 sending message 112 to peer 0x570920a75060 (12 bytes)
1738114156.050133 sending message 112 to peer 0x570920a75060 (12 bytes)
1738114156.050136 sending message 112 to peer 0x570920a75060 (8 bytes)
1738114156.050139 sending message 112 to peer 0x570920a75060 (12 bytes)
1738114156.050142 sending message 112 to peer 0x570920a75060 (13 bytes)
1738114156.050145 sending message 112 to peer 0x570920a75060 (13 bytes)
1738114156.050148 sending message 112 to peer 0x570920a75060 (13 bytes)
1738114156.050151 sending message 112 to peer 0x570920a75060 (13 bytes)
1738114156.050154 sending message 112 to peer 0x570920a75060 (13 bytes)
1738114156.050157 sending message 112 to peer 0x570920a75060 (13 bytes)
1738114156.050160 sending message 112 to peer 0x570920a75060 (13 bytes)
1738114156.050162 sending message 112 to peer 0x570920a75060 (13 bytes)
1738114156.050165 sending message 112 to peer 0x570920a75060 (12 bytes)
1738114156.050168 sending message 112 to peer 0x570920a75060 (10 bytes)
1738114156.050171 sending message 112 to peer 0x570920a75060 (12 bytes)
1738114156.050174 sending message 112 to peer 0x570920a75060 (12 bytes)
1738114156.050177 sending message 112 to peer 0x570920a75060 (12 bytes)
1738114156.050180 sending message 112 to peer 0x570920a75060 (13 bytes)
1738114156.050182 sending message 112 to peer 0x570920a75060 (13 bytes)
1738114156.050185 sending message 112 to peer 0x570920a75060 (13 bytes)
1738114156.050188 sending message 112 to peer 0x570920a75060 (13 bytes)
1738114156.050191 sending message 112 to peer 0x570920a75060 (13 bytes)
1738114156.050194 sending message 112 to peer 0x570920a75060 (13 bytes)
1738114156.050197 sending message 112 to peer 0x570920a75060 (13 bytes)
1738114156.050199 sending message 112 to peer 0x570920a75060 (10 bytes)
1738114156.050202 sending message 112 to peer 0x570920a75060 (13 bytes)
1738114156.050205 sending message 112 to peer 0x570920a75060 (12 bytes)
1738114156.050208 sending message 112 to peer 0x570920a75060 (12 bytes)
1738114156.050211 sending message 112 to peer 0x570920a75060 (12 bytes)
1738114156.050213 sending message 112 to peer 0x570920a75060 (10 bytes)
1738114156.050216 sending message 112 to peer 0x570920a75060 (10 bytes)
1738114156.050219 sending message 112 to peer 0x570920a75060 (10 bytes)
1738114156.050222 sending message 112 to peer 0x570920a75060 (12 bytes)
1738114156.050225 sending message 112 to peer 0x570920a75060 (13 bytes)
1738114156.050228 sending message 112 to peer 0x570920a75060 (13 bytes)
1738114156.050230 sending message 112 to peer 0x570920a75060 (13 bytes)
1738114156.050233 sending message 112 to peer 0x570920a75060 (13 bytes)
1738114156.050236 sending message 112 to peer 0x570920a75060 (13 bytes)
1738114156.050239 sending message 112 to peer 0x570920a75060 (10 bytes)
1738114156.050242 sending message 112 to peer 0x570920a75060 (11 bytes)
1738114156.050245 sending message 112 to peer 0x570920a75060 (12 bytes)
1738114156.050247 sending message 112 to peer 0x570920a75060 (12 bytes)
1738114156.050250 sending message 112 to peer 0x570920a75060 (12 bytes)
1738114156.050253 sending message 112 to peer 0x570920a75060 (12 bytes)
1738114156.050256 sending message 112 to peer 0x570920a75060 (12 bytes)
1738114156.050259 sending message 112 to peer 0x570920a75060 (11 bytes)
1738114156.050262 sending message 112 to peer 0x570920a75060 (12 bytes)
1738114156.050265 sending message 112 to peer 0x570920a75060 (12 bytes)
1738114156.050268 sending message 112 to peer 0x570920a75060 (13 bytes)
1738114156.050270 sending message 112 to peer 0x570920a75060 (13 bytes)
1738114156.050273 sending message 112 to peer 0x570920a75060 (13 bytes)
1738114156.050276 sending message 112 to peer 0x570920a75060 (13 bytes)
1738114156.050279 sending message 112 to peer 0x570920a75060 (13 bytes)
1738114156.050282 sending message 112 to peer 0x570920a75060 (10 bytes)
1738114156.050285 sending message 112 to peer 0x570920a75060 (9 bytes)
1738114156.050288 sending message 112 to peer 0x570920a75060 (12 bytes)
1738114156.050291 sending message 112 to peer 0x570920a75060 (13 bytes)
1738114156.050293 sending message 112 to peer 0x570920a75060 (13 bytes)
1738114156.050300 sending message 112 to peer 0x570920a75060 (13 bytes)
1738114156.050302 sending message 112 to peer 0x570920a75060 (13 bytes)
1738114156.050305 sending message 112 to peer 0x570920a75060 (13 bytes)
1738114156.050308 sending message 112 to peer 0x570920a75060 (9 bytes)
1738114156.050312 sending message 112 to peer 0x570920a75060 (12 bytes)
1738114156.050315 sending message 112 to peer 0x570920a75060 (13 bytes)
1738114156.050318 sending message 112 to peer 0x570920a75060 (13 bytes)
1738114156.050320 sending message 112 to peer 0x570920a75060 (13 bytes)
1738114156.050323 sending message 112 to peer 0x570920a75060 (13 bytes)
1738114156.050326 sending message 112 to peer 0x570920a75060 (13 bytes)
1738114156.050329 sending message 112 to peer 0x570920a75060 (11 bytes)
1738114156.050332 sending message 112 to peer 0x570920a75060 (12 bytes)
1738114156.050335 sending message 112 to peer 0x570920a75060 (13 bytes)
1738114156.050338 sending message 112 to peer 0x570920a75060 (13 bytes)
1738114156.050341 sending message 112 to peer 0x570920a75060 (13 bytes)
1738114156.050343 sending message 112 to peer 0x570920a75060 (13 bytes)
1738114156.050346 sending message 112 to peer 0x570920a75060 (13 bytes)
1738114156.050349 sending message 112 to peer 0x570920a75060 (11 bytes)
1738114156.050352 sending message 112 to peer 0x570920a75060 (12 bytes)
1738114156.050355 sending message 112 to peer 0x570920a75060 (12 bytes)
1738114156.050358 sending message 112 to peer 0x570920a75060 (12 bytes)
1738114156.050361 sending message 112 to peer 0x570920a75060 (12 bytes)
1738114156.050364 sending message 112 to peer 0x570920a75060 (12 bytes)
1738114156.050367 sending message 112 to peer 0x570920a75060 (21 bytes)
1738114156.050370 sending message 112 to peer 0x570920a75060 (12 bytes)
1738114156.050373 sending message 112 to peer 0x570920a75060 (9 bytes)
1738114156.050376 sending message 112 to peer 0x570920a75060 (6 bytes)
1738114156.050380 sending message 112 to peer 0x570920a75060 (13 bytes)
1738114156.050383 sending message 112 to peer 0x570920a75060 (10 bytes)
1738114156.050386 sending message 112 to peer 0x570920a75060 (24 bytes)
1738114156.050389 sending message 112 to peer 0x570920a75060 (13 bytes)
1738114156.050392 sending message 112 to peer 0x570920a75060 (9 bytes)
1738114156.050395 sending message 112 to peer 0x570920a75060 (70 bytes)
1738114156.050398 sending message 112 to peer 0x570920a75060 (69 bytes)
1738114156.050401 sending message 112 to peer 0x570920a75060 (12 bytes)
1738114156.050404 sending message 112 to peer 0x570920a75060 (10 bytes)
1738114156.050407 sending message 112 to peer 0x570920a75060 (10 bytes)
1738114156.050410 sending message 112 to peer 0x570920a75060 (24 bytes)
1738114156.050413 sending message 112 to peer 0x570920a75060 (13 bytes)
1738114156.050416 sending message 112 to peer 0x570920a75060 (10 bytes)
1738114156.050419 sending message 112 to peer 0x570920a75060 (10 bytes)
1738114156.050423 sending message 112 to peer 0x570920a75060 (10 bytes)
1738114156.050426 sending message 112 to peer 0x570920a75060 (13 bytes)
1738114156.050429 sending message 112 to peer 0x570920a75060 (15 bytes)
1738114156.050432 sending message 112 to peer 0x570920a75060 (5 bytes)
1738114156.050437 sending message 104 to peer 0x570920a75060 (0 bytes)
1738114156.050440 sending message 110 to peer 0x570920a75060 (0 bytes)
1738114156.050445 sending message 107 to peer 0x570920a75060 (4 bytes)
1738114156.050448 sending message 105 to peer 0x570920a75060 (23 bytes)
1738114156.050452 sending message 105 to peer 0x570920a75060 (25 bytes)
1738114156.050456 sending message 105 to peer 0x570920a75060 (40 bytes)
1738114156.050459 sending message 105 to peer 0x570920a75060 (19 bytes)
1738114156.050462 sending message 105 to peer 0x570920a75060 (18 bytes)
1738114156.050465 sending message 105 to peer 0x570920a75060 (23 bytes)
1738114156.050468 sending message 105 to peer 0x570920a75060 (29 bytes)
1738114156.050471 sending message 105 to peer 0x570920a75060 (26 bytes)
1738114156.050474 sending message 105 to peer 0x570920a75060 (12 bytes)
1738114156.050481 sending message 105 to peer 0x570920a75060 (34 bytes)
1738114156.050484 sending message 105 to peer 0x570920a75060 (14 bytes)
1738114156.050488 sending message 105 to peer 0x570920a75060 (44 bytes)
1738114156.050491 sending message 105 to peer 0x570920a75060 (12 bytes)
1738114156.050494 sending message 105 to peer 0x570920a75060 (19 bytes)
1738114156.050497 sending message 105 to peer 0x570920a75060 (27 bytes)
1738114156.050501 sending message 105 to peer 0x570920a75060 (22 bytes)
1738114156.050505 sending message 105 to peer 0x570920a75060 (301 bytes)
1738114156.050509 sending message 105 to peer 0x570920a75060 (25 bytes)
1738114156.050513 sending message 105 to peer 0x570920a75060 (17 bytes)
1738114156.050516 sending message 105 to peer 0x570920a75060 (15 bytes)
1738114156.050519 sending message 105 to peer 0x570920a75060 (18 bytes)
1738114156.050522 sending message 105 to peer 0x570920a75060 (34 bytes)
1738114156.050525 sending message 105 to peer 0x570920a75060 (11 bytes)
1738114156.050528 sending message 105 to peer 0x570920a75060 (11 bytes)
1738114156.050531 sending message 105 to peer 0x570920a75060 (34 bytes)
1738114156.050534 sending message 105 to peer 0x570920a75060 (17 bytes)
1738114156.050537 sending message 105 to peer 0x570920a75060 (20 bytes)
1738114156.050540 sending message 105 to peer 0x570920a75060 (54 bytes)
1738114156.050543 sending message 105 to peer 0x570920a75060 (21 bytes)
1738114156.050546 sending message 105 to peer 0x570920a75060 (82 bytes)
1738114156.050550 sending message 105 to peer 0x570920a75060 (31 bytes)
1738114156.050553 sending message 105 to peer 0x570920a75060 (34 bytes)
1738114156.050556 sending message 105 to peer 0x570920a75060 (33 bytes)
1738114156.050559 sending message 105 to peer 0x570920a75060 (67 bytes)
1738114156.050562 sending message 105 to peer 0x570920a75060 (45 bytes)
1738114156.050565 sending message 105 to peer 0x570920a75060 (17 bytes)
1738114156.050568 sending message 105 to peer 0x570920a75060 (33 bytes)
1738114156.050572 sending message 105 to peer 0x570920a75060 (39 bytes)
1738114156.050574 sending message 105 to peer 0x570920a75060 (30 bytes)
1738114156.050577 sending message 105 to peer 0x570920a75060 (16 bytes)
1738114156.050580 sending message 105 to peer 0x570920a75060 (51 bytes)
1738114156.050583 sending message 105 to peer 0x570920a75060 (19 bytes)
1738114156.050586 sending message 105 to peer 0x570920a75060 (23 bytes)
1738114156.050589 sending message 105 to peer 0x570920a75060 (19 bytes)
1738114156.050592 sending message 105 to peer 0x570920a75060 (27 bytes)
1738114156.050595 sending message 105 to peer 0x570920a75060 (23 bytes)
1738114156.050598 sending message 105 to peer 0x570920a75060 (36 bytes)
1738114156.050601 sending message 105 to peer 0x570920a75060 (28 bytes)
1738114156.050603 sending message 105 to peer 0x570920a75060 (21 bytes)
1738114156.050607 sending message 105 to peer 0x570920a75060 (155 bytes)
1738114156.050610 sending message 105 to peer 0x570920a75060 (20 bytes)
1738114156.050614 sending message 105 to peer 0x570920a75060 (73 bytes)
1738114156.050617 sending message 105 to peer 0x570920a75060 (54 bytes)
1738114156.050620 sending message 105 to peer 0x570920a75060 (30 bytes)
1738114156.050623 sending message 105 to peer 0x570920a75060 (23 bytes)
1738114156.050626 sending message 105 to peer 0x570920a75060 (73 bytes)
1738114156.050629 sending message 105 to peer 0x570920a75060 (45 bytes)
1738114156.050632 sending message 105 to peer 0x570920a75060 (19 bytes)
1738114156.050635 sending message 105 to peer 0x570920a75060 (86 bytes)
1738114156.050638 sending message 105 to peer 0x570920a75060 (23 bytes)
1738114156.050640 sending message 105 to peer 0x570920a75060 (32 bytes)
1738114156.050643 sending message 105 to peer 0x570920a75060 (20 bytes)
1738114156.050647 sending message 105 to peer 0x570920a75060 (23 bytes)
1738114156.050650 sending message 105 to peer 0x570920a75060 (20 bytes)
1738114156.050653 sending message 105 to peer 0x570920a75060 (20 bytes)
1738114156.050656 sending message 105 to peer 0x570920a75060 (35 bytes)
1738114156.050663 sending message 105 to peer 0x570920a75060 (19 bytes)
1738114156.050666 sending message 105 to peer 0x570920a75060 (41 bytes)
1738114156.050669 sending message 105 to peer 0x570920a75060 (24 bytes)
1738114156.050672 sending message 105 to peer 0x570920a75060 (8 bytes)
1738114156.050675 sending message 105 to peer 0x570920a75060 (12 bytes)
1738114156.050679 sending message 105 to peer 0x570920a75060 (20 bytes)
1738114156.050682 sending message 105 to peer 0x570920a75060 (46 bytes)
1738114156.050685 sending message 105 to peer 0x570920a75060 (48 bytes)
1738114156.050688 sending message 105 to peer 0x570920a75060 (59 bytes)
1738114156.050691 sending message 105 to peer 0x570920a75060 (19 bytes)
1738114156.050695 sending message 105 to peer 0x570920a75060 (38 bytes)
1738114156.050698 sending message 105 to peer 0x570920a75060 (10 bytes)
1738114156.050701 sending message 105 to peer 0x570920a75060 (24 bytes)
1738114156.050704 sending message 105 to peer 0x570920a75060 (13 bytes)
1738114156.050710 sending message 105 to peer 0x570920a75060 (24 bytes)
1738114156.050713 sending message 106 to peer 0x570920a75060 (0 bytes)
1738114156.050785 sending message 200 to peer 0x570920a75060 (4 bytes)
1738114156.050789 client loop enter
1738114156.050808 client_signal: Child exited
1738114156.102986 peer 0x570920a75060 message 207
1738114156.102999 sending message 208 to peer 0x570920a75060 (0 bytes)
1738114159.752714 peer 0x570920a75060 message 203
1738114159.752737 sending message 205 to peer 0x570920a75060 (0 bytes)
1738114159.753446 peer 0x570920a75060 message 204
1738114159.753466 client loop exit
